<?xml version="1.0" encoding="UTF-8"?>
<!-- Generated by org.testng.reporters.JUnitReportReporter -->
<testsuite hostname="LAPTOP-V4RRGFTI" failures="0" tests="10" name="MyMavenProject.InsuranceBruteTesting2" time="178.445" errors="1" timestamp="2023-03-05T10:56:33 IST" skipped="0">
  <testcase classname="MyMavenProject.InsuranceBruteTesting2" name="hittingBrowser" time="7.782"/>
  <system-out/>
  <testcase classname="MyMavenProject.InsuranceBruteTesting2" name="enterIntoFrame" time="15.547"/>
  <system-out/>
  <testcase classname="MyMavenProject.InsuranceBruteTesting2" name="ageFieldTest" time="16.243"/>
  <system-out/>
  <testcase classname="MyMavenProject.InsuranceBruteTesting2" name="genderFieldTest" time="16.759"/>
  <system-out/>
  <testcase classname="MyMavenProject.InsuranceBruteTesting2" name="heightFieldTest" time="16.601"/>
  <system-out/>
  <testcase classname="MyMavenProject.InsuranceBruteTesting2" name="weightFieldTest" time="16.750"/>
  <system-out/>
  <testcase classname="MyMavenProject.InsuranceBruteTesting2" name="numberOfChildrenFieldTest" time="16.146"/>
  <system-out/>
  <testcase classname="MyMavenProject.InsuranceBruteTesting2" name="smokerTest" time="16.103"/>
  <system-out/>
  <testcase classname="MyMavenProject.InsuranceBruteTesting2" name="regionTest" time="16.895"/>
  <system-out/>
  <testcase classname="MyMavenProject.InsuranceBruteTesting2" name="brokenLinkTest" time="39.619">
    <error message="Server redirected too many  times (20)" type="java.net.ProtocolException">
      <![CDATA[java.net.ProtocolException: Server redirected too many  times (20)
at java.base/sun.net.www.protocol.http.HttpURLConnection.getInputStream0(HttpURLConnection.java:2005)
at java.base/sun.net.www.protocol.http.HttpURLConnection.getInputStream(HttpURLConnection.java:1589)
at java.base/java.net.HttpURLConnection.getResponseCode(HttpURLConnection.java:529)
at java.base/sun.net.www.protocol.https.HttpsURLConnectionImpl.getResponseCode(HttpsURLConnectionImpl.java:308)
at MyMavenProject.InsuranceBruteTesting2.brokenLinkTest(InsuranceBruteTesting2.java:137)
at java.base/jdk.internal.reflect.NativeMethodAccessorImpl.invoke0(Native Method)
at java.base/jdk.internal.reflect.NativeMethodAccessorImpl.invoke(NativeMethodAccessorImpl.java:77)
at java.base/jdk.internal.reflect.DelegatingMethodAccessorImpl.invoke(DelegatingMethodAccessorImpl.java:43)
at java.base/java.lang.reflect.Method.invoke(Method.java:568)
at org.testng.internal.MethodInvocationHelper.invokeMethod(MethodInvocationHelper.java:133)
at org.testng.internal.TestInvoker.invokeMethod(TestInvoker.java:598)
at org.testng.internal.TestInvoker.invokeTestMethod(TestInvoker.java:173)
at org.testng.internal.MethodRunner.runInSequence(MethodRunner.java:46)
at org.testng.internal.TestInvoker$MethodInvocationAgent.invoke(TestInvoker.java:824)
at org.testng.internal.TestInvoker.invokeTestMethods(TestInvoker.java:146)
at org.testng.internal.TestMethodWorker.invokeTestMethods(TestMethodWorker.java:146)
at org.testng.internal.TestMethodWorker.run(TestMethodWorker.java:128)
at java.base/java.util.ArrayList.forEach(ArrayList.java:1511)
at org.testng.TestRunner.privateRun(TestRunner.java:794)
at org.testng.TestRunner.run(TestRunner.java:596)
at org.testng.SuiteRunner.runTest(SuiteRunner.java:377)
at org.testng.SuiteRunner.runSequentially(SuiteRunner.java:371)
at org.testng.SuiteRunner.privateRun(SuiteRunner.java:332)
at org.testng.SuiteRunner.run(SuiteRunner.java:276)
at org.testng.SuiteRunnerWorker.runSuite(SuiteRunnerWorker.java:53)
at org.testng.SuiteRunnerWorker.run(SuiteRunnerWorker.java:96)
at org.testng.TestNG.runSuitesSequentially(TestNG.java:1212)
at org.testng.TestNG.runSuitesLocally(TestNG.java:1134)
at org.testng.TestNG.runSuites(TestNG.java:1063)
at org.testng.TestNG.run(TestNG.java:1031)
at org.testng.remote.AbstractRemoteTestNG.run(AbstractRemoteTestNG.java:115)
at org.testng.remote.RemoteTestNG.initAndRun(RemoteTestNG.java:251)
at org.testng.remote.RemoteTestNG.main(RemoteTestNG.java:77)
]]>
    </error>
  </testcase> <!-- brokenLinkTest -->
  <system-out/>
</testsuite> <!-- MyMavenProject.InsuranceBruteTesting2 -->
