<?xml version="1.0" encoding="UTF-8"?>
<!-- Generated by org.testng.reporters.JUnitReportReporter -->
<testsuite hostname="LAPTOP-V4RRGFTI" failures="0" tests="2" name="MyMavenProject.IntegrationTesting" time="29.510" errors="0" timestamp="2023-03-05T10:56:33 IST" skipped="0">
  <testcase classname="MyMavenProject.IntegrationTesting" name="wholeFormTest" time="14.760"/>
  <system-out/>
  <testcase classname="MyMavenProject.IntegrationTesting" name="wholeFormTest" time="14.750"/>
  <system-out/>
</testsuite> <!-- MyMavenProject.IntegrationTesting -->
