<?xml version="1.0" encoding="UTF-8"?>
<!-- Generated by org.testng.reporters.JUnitReportReporter -->
<testsuite hostname="LAPTOP-V4RRGFTI" failures="0" tests="2" name="MyMavenProject.IntegrationTesting" time="41.119" errors="0" timestamp="2023-03-05T07:32:02 IST" skipped="0">
  <testcase classname="MyMavenProject.IntegrationTesting" name="wholeFormTest" time="21.578"/>
  <system-out/>
  <testcase classname="MyMavenProject.IntegrationTesting" name="wholeFormTest" time="19.541"/>
  <system-out/>
</testsuite> <!-- MyMavenProject.IntegrationTesting -->
